# JRE version: OpenJDK Runtime Environment Temurin-21.0.8+9 (21.0.8+9) (build 21.0.8+9-LTS)
# Java VM: OpenJDK 64-Bit Server VM Temurin-21.0.8+9 (21.0.8+9-LTS, mixed mode, sharing, tiered, compressed oops, compressed class ptrs, g1 gc, windows-amd64)
GC Precious Log:
 CardTable entry size: 512
 Card Set container configuration: InlinePtr #cards 4 size 8 Array Of Cards #cards 32 size 80 Howl #buckets 8 coarsen threshold 7372 Howl Bitmap #cards 1024 size 144 coarsen threshold 921 Card regions per heap region 1 cards per card region 8192
 CPUs: 4 total, 4 available
 Memory: 3972M
 Large Page Support: Disabled
 NUMA Support: Disabled
 Compressed Oops: Enabled (Zero based)
 Heap Region Size: 4M
 Heap Min Capacity: 8M
 Heap Initial Capacity: 64M
 Heap Max Capacity: 8G
 Pre-touch: Disabled
 Parallel Workers: 4
 Concurrent Workers: 1
 Concurrent Refinement Workers: 4
 Periodic GC: Disabled
Heap:
 garbage-first heap   total 139264K, used 88890K [0x0000000600000000, 0x0000000800000000)
  region size 4096K, 6 young (24576K), 2 survivors (8192K)
 Metaspace       used 76339K, committed 78528K, reserved 1179648K
  class space    used 11130K, committed 12224K, reserved 1048576K
GC Heap History (20 events):
Event: 65.493 GC heap before
{Heap before GC invocations=38 (full 0):
 garbage-first heap   total 98304K, used 72704K [0x0000000600000000, 0x0000000800000000)
  region size 4096K, 5 young (20480K), 1 survivors (4096K)
 Metaspace       used 59283K, committed 61312K, reserved 1114112K
  class space    used 8723K, committed 9728K, reserved 1048576K
}
Event: 65.503 GC heap after
{Heap after GC invocations=39 (full 0):
 garbage-first heap   total 98304K, used 58185K [0x0000000600000000, 0x0000000800000000)
  region size 4096K, 1 young (4096K), 1 survivors (4096K)
 Metaspace       used 59283K, committed 61312K, reserved 1114112K
  class space    used 8723K, committed 9728K, reserved 1048576K
}
Event: 66.111 GC heap before
{Heap before GC invocations=39 (full 0):
 garbage-first heap   total 98304K, used 78665K [0x0000000600000000, 0x0000000800000000)
  region size 4096K, 6 young (24576K), 1 survivors (4096K)
 Metaspace       used 61503K, committed 63552K, reserved 1114112K
  class space    used 9013K, committed 10048K, reserved 1048576K
}
Event: 66.115 GC heap after
{Heap after GC invocations=40 (full 0):
 garbage-first heap   total 98304K, used 58367K [0x0000000600000000, 0x0000000800000000)
  region size 4096K, 1 young (4096K), 1 survivors (4096K)
 Metaspace       used 61503K, committed 63552K, reserved 1114112K
  class space    used 9013K, committed 10048K, reserved 1048576K
}
Event: 67.167 GC heap before
{Heap before GC invocations=41 (full 0):
 garbage-first heap   total 102400K, used 78847K [0x0000000600000000, 0x0000000800000000)
  region size 4096K, 6 young (24576K), 1 survivors (4096K)
 Metaspace       used 63937K, committed 65920K, reserved 1114112K
  class space    used 9331K, committed 10304K, reserved 1048576K
}
Event: 67.177 GC heap after
{Heap after GC invocations=42 (full 0):
 garbage-first heap   total 102400K, used 59488K [0x0000000600000000, 0x0000000800000000)
  region size 4096K, 1 young (4096K), 1 survivors (4096K)
 Metaspace       used 63937K, committed 65920K, reserved 1114112K
  class space    used 9331K, committed 10304K, reserved 1048576K
}
Event: 68.178 GC heap before
{Heap before GC invocations=42 (full 0):
 garbage-first heap   total 102400K, used 84064K [0x0000000600000000, 0x0000000800000000)
  region size 4096K, 7 young (28672K), 1 survivors (4096K)
 Metaspace       used 65759K, committed 67776K, reserved 1114112K
  class space    used 9571K, committed 10560K, reserved 1048576K
}
Event: 68.190 GC heap after
{Heap after GC invocations=43 (full 0):
 garbage-first heap   total 102400K, used 59906K [0x0000000600000000, 0x0000000800000000)
  region size 4096K, 1 young (4096K), 1 survivors (4096K)
 Metaspace       used 65759K, committed 67776K, reserved 1114112K
  class space    used 9571K, committed 10560K, reserved 1048576K
}
Event: 68.599 GC heap before
{Heap before GC invocations=43 (full 0):
 garbage-first heap   total 102400K, used 72194K [0x0000000600000000, 0x0000000800000000)
  region size 4096K, 5 young (20480K), 1 survivors (4096K)
 Metaspace       used 66676K, committed 68672K, reserved 1114112K
  class space    used 9697K, committed 10688K, reserved 1048576K
}
Event: 68.607 GC heap after
{Heap after GC invocations=44 (full 0):
 garbage-first heap   total 122880K, used 60492K [0x0000000600000000, 0x0000000800000000)
  region size 4096K, 1 young (4096K), 1 survivors (4096K)
 Metaspace       used 66676K, committed 68672K, reserved 1114112K
  class space    used 9697K, committed 10688K, reserved 1048576K
}
Event: 70.814 GC heap before
{Heap before GC invocations=45 (full 0):
 garbage-first heap   total 122880K, used 105548K [0x0000000600000000, 0x0000000800000000)
  region size 4096K, 11 young (45056K), 1 survivors (4096K)
 Metaspace       used 69275K, committed 71296K, reserved 1114112K
  class space    used 10078K, committed 11072K, reserved 1048576K
}
Event: 70.827 GC heap after
{Heap after GC invocations=46 (full 0):
 garbage-first heap   total 122880K, used 66064K [0x0000000600000000, 0x0000000800000000)
  region size 4096K, 1 young (4096K), 1 survivors (4096K)
 Metaspace       used 69275K, committed 71296K, reserved 1114112K
  class space    used 10078K, committed 11072K, reserved 1048576K
}
Event: 72.595 GC heap before
{Heap before GC invocations=46 (full 0):
 garbage-first heap   total 122880K, used 102928K [0x0000000600000000, 0x0000000800000000)
  region size 4096K, 10 young (40960K), 1 survivors (4096K)
 Metaspace       used 71450K, committed 73536K, reserved 1114112K
  class space    used 10378K, committed 11392K, reserved 1048576K
}
Event: 72.657 GC heap after
{Heap after GC invocations=47 (full 0):
 garbage-first heap   total 122880K, used 68379K [0x0000000600000000, 0x0000000800000000)
  region size 4096K, 2 young (8192K), 2 survivors (8192K)
 Metaspace       used 71450K, committed 73536K, reserved 1114112K
  class space    used 10378K, committed 11392K, reserved 1048576K
}
Event: 74.388 GC heap before
{Heap before GC invocations=47 (full 0):
 garbage-first heap   total 122880K, used 97051K [0x0000000600000000, 0x0000000800000000)
  region size 4096K, 10 young (40960K), 2 survivors (8192K)
 Metaspace       used 74290K, committed 76416K, reserved 1114112K
  class space    used 10856K, committed 11904K, reserved 1048576K
}
Event: 74.441 GC heap after
{Heap after GC invocations=48 (full 0):
 garbage-first heap   total 122880K, used 71218K [0x0000000600000000, 0x0000000800000000)
  region size 4096K, 2 young (8192K), 2 survivors (8192K)
 Metaspace       used 74290K, committed 76416K, reserved 1114112K
  class space    used 10856K, committed 11904K, reserved 1048576K
}
Event: 76.359 GC heap before
{Heap before GC invocations=49 (full 0):
 garbage-first heap   total 131072K, used 95794K [0x0000000600000000, 0x0000000800000000)
  region size 4096K, 8 young (32768K), 2 survivors (8192K)
 Metaspace       used 75627K, committed 77824K, reserved 1179648K
  class space    used 11097K, committed 12224K, reserved 1048576K
}
Event: 76.382 GC heap after
{Heap after GC invocations=50 (full 0):
 garbage-first heap   total 131072K, used 73334K [0x0000000600000000, 0x0000000800000000)
  region size 4096K, 1 young (4096K), 1 survivors (4096K)
 Metaspace       used 75627K, committed 77824K, reserved 1179648K
  class space    used 11097K, committed 12224K, reserved 1048576K
}
Event: 80.606 GC heap before
{Heap before GC invocations=50 (full 0):
 garbage-first heap   total 131072K, used 106102K [0x0000000600000000, 0x0000000800000000)
  region size 4096K, 10 young (40960K), 1 survivors (4096K)
 Metaspace       used 76270K, committed 78464K, reserved 1179648K
  class space    used 11128K, committed 12224K, reserved 1048576K
}
Event: 80.808 GC heap after
{Heap after GC invocations=51 (full 0):
 garbage-first heap   total 131072K, used 76602K [0x0000000600000000, 0x0000000800000000)
  region size 4096K, 2 young (8192K), 2 survivors (8192K)
 Metaspace       used 76270K, committed 78464K, reserved 1179648K
  class space    used 11128K, committed 12224K, reserved 1048576K
}

