# JRE version: Java(TM) SE Runtime Environment (25.0.1+8) (build 25.0.1+8-LTS-27)
# Java VM: Java HotSpot(TM) 64-Bit Server VM (25.0.1+8-LTS-27, mixed mode, sharing, tiered, compressed oops, compressed class ptrs, g1 gc, windows-amd64)
GC Precious Log:
 CardTable entry size: 512
 Card Set container configuration: InlinePtr #cards 4 size 8 Array Of Cards #cards 32 size 80 Howl #buckets 8 coarsen threshold 7372 Howl Bitmap #cards 1024 size 144 coarsen threshold 921 Card regions per heap region 1 cards per card region 8192
 CPUs: 4 total, 4 available
 Memory: 3972M
 Large Page Support: Disabled
 NUMA Support: Disabled
 Compressed Oops: Enabled (Zero based)
 Heap Region Size: 4M
 Heap Min Capacity: 8M
 Heap Initial Capacity: 64M
 Heap Max Capacity: 8G
 Pre-touch: Disabled
 Parallel Workers: 4
 Concurrent Workers: 1
 Concurrent Refinement Workers: 4
 Periodic GC: Disabled
Heap:
 garbage-first heap   total reserved 8388608K, committed 69632K, used 53239K [0x0000000600000000, 0x0000000800000000)
  region size 4096K, 6 young (24576K), 1 survivors (4096K)
GC Heap Usage History (20 events):
Event: 22.346 {heap Before GC invocations=6 (full 0):
 garbage-first heap   total reserved 8388608K, committed 69632K, used 51358K [0x0000000600000000, 0x0000000800000000)
  region size 4096K, 8 young (32768K), 1 survivors (4096K)
}
Event: 22.357 {heap After GC invocations=7 (full 0):
 garbage-first heap   total reserved 8388608K, committed 69632K, used 24552K [0x0000000600000000, 0x0000000800000000)
  region size 4096K, 1 young (4096K), 1 survivors (4096K)
}
Event: 23.052 {heap Before GC invocations=7 (full 0):
 garbage-first heap   total reserved 8388608K, committed 69632K, used 36840K [0x0000000600000000, 0x0000000800000000)
  region size 4096K, 5 young (20480K), 1 survivors (4096K)
}
Event: 23.063 {heap After GC invocations=8 (full 0):
 garbage-first heap   total reserved 8388608K, committed 69632K, used 25580K [0x0000000600000000, 0x0000000800000000)
  region size 4096K, 1 young (4096K), 1 survivors (4096K)
}
Event: 24.691 {heap Before GC invocations=9 (full 0):
 garbage-first heap   total reserved 8388608K, committed 69632K, used 50156K [0x0000000600000000, 0x0000000800000000)
  region size 4096K, 7 young (28672K), 1 survivors (4096K)
}
Event: 24.700 {heap After GC invocations=10 (full 0):
 garbage-first heap   total reserved 8388608K, committed 69632K, used 27000K [0x0000000600000000, 0x0000000800000000)
  region size 4096K, 1 young (4096K), 1 survivors (4096K)
}
Event: 26.659 {heap Before GC invocations=10 (full 0):
 garbage-first heap   total reserved 8388608K, committed 69632K, used 55672K [0x0000000600000000, 0x0000000800000000)
  region size 4096K, 8 young (32768K), 1 survivors (4096K)
}
Event: 26.676 {heap After GC invocations=11 (full 0):
 garbage-first heap   total reserved 8388608K, committed 69632K, used 28818K [0x0000000600000000, 0x0000000800000000)
  region size 4096K, 1 young (4096K), 1 survivors (4096K)
}
Event: 28.327 {heap Before GC invocations=11 (full 0):
 garbage-first heap   total reserved 8388608K, committed 69632K, used 53394K [0x0000000600000000, 0x0000000800000000)
  region size 4096K, 8 young (32768K), 1 survivors (4096K)
}
Event: 28.343 {heap After GC invocations=12 (full 0):
 garbage-first heap   total reserved 8388608K, committed 69632K, used 32247K [0x0000000600000000, 0x0000000800000000)
  region size 4096K, 1 young (4096K), 1 survivors (4096K)
}
Event: 28.990 {heap Before GC invocations=12 (full 0):
 garbage-first heap   total reserved 8388608K, committed 69632K, used 56823K [0x0000000600000000, 0x0000000800000000)
  region size 4096K, 8 young (32768K), 1 survivors (4096K)
}
Event: 29.002 {heap After GC invocations=13 (full 0):
 garbage-first heap   total reserved 8388608K, committed 69632K, used 36041K [0x0000000600000000, 0x0000000800000000)
  region size 4096K, 1 young (4096K), 1 survivors (4096K)
}
Event: 29.262 {heap Before GC invocations=13 (full 0):
 garbage-first heap   total reserved 8388608K, committed 69632K, used 40137K [0x0000000600000000, 0x0000000800000000)
  region size 4096K, 3 young (12288K), 1 survivors (4096K)
}
Event: 29.269 {heap After GC invocations=14 (full 0):
 garbage-first heap   total reserved 8388608K, committed 69632K, used 35882K [0x0000000600000000, 0x0000000800000000)
  region size 4096K, 1 young (4096K), 1 survivors (4096K)
}
Event: 30.688 {heap Before GC invocations=15 (full 0):
 garbage-first heap   total reserved 8388608K, committed 69632K, used 52266K [0x0000000600000000, 0x0000000800000000)
  region size 4096K, 6 young (24576K), 1 survivors (4096K)
}
Event: 30.692 {heap After GC invocations=16 (full 0):
 garbage-first heap   total reserved 8388608K, committed 69632K, used 36797K [0x0000000600000000, 0x0000000800000000)
  region size 4096K, 1 young (4096K), 1 survivors (4096K)
}
Event: 30.927 {heap Before GC invocations=16 (full 0):
 garbage-first heap   total reserved 8388608K, committed 69632K, used 57277K [0x0000000600000000, 0x0000000800000000)
  region size 4096K, 6 young (24576K), 1 survivors (4096K)
}
Event: 30.939 {heap After GC invocations=17 (full 0):
 garbage-first heap   total reserved 8388608K, committed 69632K, used 35875K [0x0000000600000000, 0x0000000800000000)
  region size 4096K, 1 young (4096K), 1 survivors (4096K)
}
Event: 32.707 {heap Before GC invocations=17 (full 0):
 garbage-first heap   total reserved 8388608K, committed 69632K, used 56355K [0x0000000600000000, 0x0000000800000000)
  region size 4096K, 6 young (24576K), 1 survivors (4096K)
}
Event: 32.713 {heap After GC invocations=18 (full 0):
 garbage-first heap   total reserved 8388608K, committed 69632K, used 36855K [0x0000000600000000, 0x0000000800000000)
  region size 4096K, 1 young (4096K), 1 survivors (4096K)
}

